ca65 V2.13.2 - (C) Copyright 1998-2005 Ullrich von Bassewitz
Main file   : mazedata.s
Current file: mazedata.s

000000r 1               		.include "mazedata.h"
000000r 2               .global	MAZECONFIG
000000r 2               .global	MAZEDATA
000000r 2               .global	MAZEDATA0
000000r 2               .global	MAZEDATA1
000000r 2               .global	MAZEDATA2
000000r 2               .global	MAZEDATA3
000000r 2               .global	MAZEDATA4
000000r 2               .global MENUDATA
000000r 2               
000000r 2               FRUITCELLX	= 10
000000r 2               FRUITCELLY	= 13
000000r 2               
000000r 1               
000000r 1               		.segment "RODATA"
000000r 1               
000000r 1               ;
000000r 1               ; pac-ked data follows
000000r 1               ; bit 7: 0=raw, 1=repeat
000000r 1               ;     6: 0=space, 1=dot
000000r 1               ;     5: 0=VIC, 1=PET
000000r 1               ;   0-4: coded tile # (0-31), repeat space or dot (2-15)
000000r 1               ;
000000r 1               MAZEDATA0:				; original
000000r 1  35 38 38 38  		.byte	$35,$38,$38,$38,$38,$38,$38,$38,$38,$38,$3B,$38,$38,$38,$38,$38,$38,$38,$38,$38,$36
000004r 1  38 38 38 38  
000008r 1  38 38 3B 38  
000015r 1  37 C9 37 C9  		.byte	$37,$C9,$37,$C9,$37
000019r 1  37           
00001Ar 1  37 21 2D 2E  		.byte	$37,$21,$2D,$2E,$21,$2D,$29,$29,$2E,$21,$37,$21,$2D,$29,$29,$2E,$21,$2D,$2E,$21,$37
00001Er 1  21 2D 29 29  
000022r 1  2E 21 37 21  
00002Fr 1  37 22 2B 2C  		.byte	$37,$22,$2B,$2C,$21,$2B,$2A,$2A,$2C,$21,$30,$21,$2B,$2A,$2A,$2C,$21,$2B,$2C,$22,$37
000033r 1  21 2B 2A 2A  
000037r 1  2C 21 30 21  
000044r 1  37 CF C4 37  		.byte	$37,$CF,$C4,$37
000048r 1  37 21 31 32  		.byte	$37,$21,$31,$32,$21,$2F,$21,$31,$38,$38,$3B,$38,$38,$32,$21,$2F,$21,$31,$32,$21,$37
00004Cr 1  21 2F 21 31  
000050r 1  38 38 3B 38  
00005Dr 1  37 C4 37 C4  		.byte	$37,$C4,$37,$C4,$37,$C4,$37,$C4,$37
000061r 1  37 C4 37 C4  
000065r 1  37           
000066r 1  33 38 38 36  		.byte	$33,$38,$38,$36,$21,$39,$38,$38,$32,$20,$30,$20,$31,$38,$38,$3A,$21,$35,$38,$38,$34
00006Ar 1  21 39 38 38  
00006Er 1  32 20 30 20  
00007Br 1  83 37 21 37  		.byte	$83,$37,$21,$37,$89,$37,$21,$37,$83
00007Fr 1  89 37 21 37  
000083r 1  83           
000084r 1  38 38 38 34  		.byte	$38,$38,$38,$34,$21,$30,$20,$35,$38,$27,$26,$28,$38,$36,$20,$30,$21,$33,$38,$38,$38
000088r 1  21 30 20 35  
00008Cr 1  38 27 26 28  
000099r 1  84 21 82 37  		.byte	$84,$21,$82,$37,$85,$37,$82,$21,$84
00009Dr 1  85 37 82 21  
0000A1r 1  84           
0000A2r 1  38 38 38 36  		.byte	$38,$38,$38,$36,$21,$2F,$20,$33,$38,$38,$38,$38,$38,$34,$20,$2F,$21,$35,$38,$38,$38
0000A6r 1  21 2F 20 33  
0000AAr 1  38 38 38 38  
0000B7r 1  83 37 21 37  		.byte	$83,$37,$21,$37,$89,$37,$21,$37,$83
0000BBr 1  89 37 21 37  
0000BFr 1  83           
0000C0r 1  35 38 38 34  		.byte	$35,$38,$38,$34,$21,$30,$20,$31,$38,$38,$3B,$38,$38,$32,$20,$30,$21,$33,$38,$38,$36
0000C4r 1  21 30 20 31  
0000C8r 1  38 38 3B 38  
0000D5r 1  37 C9 37 C9  		.byte	$37,$C9,$37,$C9,$37
0000D9r 1  37           
0000DAr 1  37 21 31 36  		.byte	$37,$21,$31,$36,$21,$31,$38,$38,$32,$21,$30,$21,$31,$38,$38,$32,$21,$35,$32,$21,$37
0000DEr 1  21 31 38 38  
0000E2r 1  32 21 30 21  
0000EFr 1  37 22 21 37  		.byte	$37,$22,$21,$37,$C6,$20,$C6,$37,$21,$22,$37
0000F3r 1  C6 20 C6 37  
0000F7r 1  21 22 37     
0000FAr 1  39 32 21 30  		.byte	$39,$32,$21,$30,$21,$2F,$21,$31,$38,$38,$3B,$38,$38,$32,$21,$2F,$21,$30,$21,$31,$3A
0000FEr 1  21 2F 21 31  
000102r 1  38 38 3B 38  
00010Fr 1  37 C4 37 C4  		.byte	$37,$C4,$37,$C4,$37,$C4,$37,$C4,$37
000113r 1  37 C4 37 C4  
000117r 1  37           
000118r 1  37 21 31 38  		.byte	$37,$21,$31,$38,$38,$3C,$38,$38,$32,$21,$30,$21,$31,$38,$38,$3C,$38,$38,$32,$21,$37
00011Cr 1  38 3C 38 38  
000120r 1  32 21 30 21  
00012Dr 1  37 CF C4 37  		.byte	$37,$CF,$C4,$37
000131r 1  33 38 38 38  		.byte	$33,$38,$38,$38,$38,$38,$38,$38,$38,$38,$38,$38,$38,$38,$38,$38,$38,$38,$38,$38,$34
000135r 1  38 38 38 38  
000139r 1  38 38 38 38  
000146r 1  00           		.byte	$00
000147r 1               
000147r 1               MAZEDATA1:				; alternative #1
000147r 1  35 38 38 38  		.byte	$35,$38,$38,$38,$38,$3B,$38,$38,$38,$38,$38,$38,$38,$38,$38,$3B,$38,$38,$38,$38,$36
00014Br 1  38 3B 38 38  
00014Fr 1  38 38 38 38  
00015Cr 1  37 C4 37 C9  		.byte	$37,$C4,$37,$C9,$37,$C4,$37
000160r 1  37 C4 37     
000163r 1  37 22 31 32  		.byte	$37,$22,$31,$32,$21,$30,$21,$31,$38,$38,$38,$38,$38,$32,$21,$30,$21,$31,$32,$22,$37
000167r 1  21 30 21 31  
00016Br 1  38 38 38 38  
000178r 1  37 CF C4 37  		.byte	$37,$CF,$C4,$37
00017Cr 1  33 36 21 2F  		.byte	$33,$36,$21,$2F,$21,$2D,$45,$45,$2E,$21,$2F,$21,$2D,$45,$45,$2E,$21,$2F,$21,$35,$34
000180r 1  21 2D 45 45  
000184r 1  2E 21 2F 21  
000191r 1  38 34 21 37  		.byte	$38,$34,$21,$37,$21,$2B,$52,$52,$2C,$21,$37,$21,$2B,$52,$52,$2C,$21,$37,$21,$33,$38
000195r 1  21 2B 52 52  
000199r 1  2C 21 37 21  
0001A6r 1  82 21 37 C6  		.byte	$82,$21,$37,$C6,$37,$C6,$37,$21,$82
0001AAr 1  37 C6 37 21  
0001AEr 1  82           
0001AFr 1  38 36 21 33  		.byte	$38,$36,$21,$33,$38,$32,$20,$31,$38,$38,$3C,$38,$38,$32,$20,$31,$38,$34,$21,$35,$38
0001B3r 1  38 32 20 31  
0001B7r 1  38 38 3C 38  
0001C4r 1  20 37 21 8F  		.byte	$20,$37,$21,$8F,$21,$37,$20
0001C8r 1  21 37 20     
0001CBr 1  20 37 21 35  		.byte	$20,$37,$21,$35,$38,$32,$20,$35,$38,$27,$26,$28,$38,$36,$20,$31,$38,$36,$21,$37,$20
0001CFr 1  38 32 20 35  
0001D3r 1  38 27 26 28  
0001E0r 1  20 37 21 37  		.byte	$20,$37,$21,$37,$83,$37,$85,$37,$83,$37,$21,$37,$20
0001E4r 1  83 37 85 37  
0001E8r 1  83 37 21 37  
0001EDr 1  38 34 21 30  		.byte	$38,$34,$21,$30,$20,$2F,$20,$33,$38,$38,$38,$38,$38,$34,$20,$2F,$20,$30,$21,$33,$38
0001F1r 1  20 2F 20 33  
0001F5r 1  38 38 38 38  
000202r 1  82 21 82 37  		.byte	$82,$21,$82,$37,$89,$37,$82,$21,$82
000206r 1  89 37 82 21  
00020Ar 1  82           
00020Br 1  38 36 21 31  		.byte	$38,$36,$21,$31,$38,$3C,$38,$38,$32,$20,$2F,$20,$31,$38,$38,$3C,$38,$32,$21,$35,$38
00020Fr 1  38 3C 38 38  
000213r 1  32 20 2F 20  
000220r 1  20 37 C5 83  		.byte	$20,$37,$C5,$83,$37,$83,$C5,$37,$20
000224r 1  37 83 C5 37  
000228r 1  20           
000229r 1  35 34 21 31  		.byte	$35,$34,$21,$31,$38,$32,$21,$31,$38,$38,$3C,$38,$38,$32,$21,$31,$38,$32,$21,$33,$36
00022Dr 1  38 32 21 31  
000231r 1  38 38 3C 38  
00023Er 1  37 C9 20 C9  		.byte	$37,$C9,$20,$C9,$37
000242r 1  37           
000243r 1  37 21 2D 2E  		.byte	$37,$21,$2D,$2E,$21,$35,$38,$38,$32,$21,$2F,$21,$31,$38,$38,$36,$21,$2D,$2E,$21,$37
000247r 1  21 35 38 38  
00024Br 1  32 21 2F 21  
000258r 1  37 22 54 59  		.byte	$37,$22,$54,$59,$21,$37,$C4,$37,$C4,$37,$21,$54,$59,$22,$37
00025Cr 1  21 37 C4 37  
000260r 1  C4 37 21 54  
000267r 1  37 21 2B 2C  		.byte	$37,$21,$2B,$2C,$21,$30,$21,$31,$38,$38,$3C,$38,$38,$32,$21,$30,$21,$2B,$2C,$21,$37
00026Br 1  21 30 21 31  
00026Fr 1  38 38 3C 38  
00027Cr 1  37 CF C4 37  		.byte	$37,$CF,$C4,$37
000280r 1  33 38 38 38  		.byte	$33,$38,$38,$38,$38,$38,$38,$38,$38,$38,$38,$38,$38,$38,$38,$38,$38,$38,$38,$38,$34
000284r 1  38 38 38 38  
000288r 1  38 38 38 38  
000295r 1  00           		.byte	$00
000296r 1               
000296r 1               MAZEDATA2:				; alternative #2
000296r 1  38 38 38 38  		.byte	$38,$38,$38,$38,$38,$3B,$38,$38,$38,$38,$38,$38,$38,$38,$38,$3B,$38,$38,$38,$38,$38
00029Ar 1  38 3B 38 38  
00029Er 1  38 38 38 38  
0002ABr 1  85 37 C9 37  		.byte	$85,$37,$C9,$37,$85
0002AFr 1  85           
0002B0r 1  3B 38 38 32  		.byte	$3B,$38,$38,$32,$20,$30,$21,$31,$38,$3E,$45,$3F,$38,$32,$21,$30,$20,$31,$38,$38,$3B
0002B4r 1  20 30 21 31  
0002B8r 1  38 3E 45 3F  
0002C5r 1  37 22 C7 54  		.byte	$37,$22,$C7,$54,$20,$59,$C7,$22,$37
0002C9r 1  20 59 C7 22  
0002CDr 1  37           
0002CEr 1  37 21 35 38  		.byte	$37,$21,$35,$38,$38,$32,$21,$2F,$21,$54,$20,$59,$21,$2F,$21,$31,$38,$38,$36,$21,$37
0002D2r 1  38 32 21 2F  
0002D6r 1  21 54 20 59  
0002E3r 1  37 21 37 C4  		.byte	$37,$21,$37,$C4,$37,$21,$2B,$52,$2C,$21,$37,$C4,$37,$21,$37
0002E7r 1  37 21 2B 52  
0002EBr 1  2C 21 37 C4  
0002F2r 1  37 21 30 21  		.byte	$37,$21,$30,$21,$31,$36,$20,$37,$C5,$37,$20,$35,$32,$21,$30,$21,$37
0002F6r 1  31 36 20 37  
0002FAr 1  C5 37 20 35  
000303r 1  37 C4 37 20  		.byte	$37,$C4,$37,$20,$33,$38,$38,$38,$38,$38,$34,$20,$37,$C4,$37
000307r 1  33 38 38 38  
00030Br 1  38 38 34 20  
000312r 1  39 38 38 32  		.byte	$39,$38,$38,$32,$21,$37,$89,$37,$21,$31,$38,$38,$3A
000316r 1  21 37 89 37  
00031Ar 1  21 31 38 38  
00031Fr 1  37 C4 30 20  		.byte	$37,$C4,$30,$20,$35,$38,$27,$26,$28,$38,$36,$20,$30,$C4,$37
000323r 1  35 38 27 26  
000327r 1  28 38 36 20  
00032Er 1  37 21 31 36  		.byte	$37,$21,$31,$36,$21,$82,$37,$85,$37,$82,$21,$35,$32,$21,$37
000332r 1  21 82 37 85  
000336r 1  37 82 21 35  
00033Dr 1  37 C2 37 21  		.byte	$37,$C2,$37,$21,$2F,$20,$33,$38,$38,$38,$38,$38,$34,$20,$2F,$21,$37,$C2,$37
000341r 1  2F 20 33 38  
000345r 1  38 38 38 38  
000350r 1  33 36 21 37  		.byte	$33,$36,$21,$37,$21,$37,$89,$37,$21,$37,$21,$35,$34
000354r 1  21 37 89 37  
000358r 1  21 37 21 35  
00035Dr 1  20 37 21 30  		.byte	$20,$37,$21,$30,$21,$33,$38,$32,$20,$2D,$45,$2E,$20,$31,$38,$34,$21,$30,$21,$37,$20
000361r 1  21 33 38 32  
000365r 1  20 2D 45 2E  
000372r 1  20 37 C7 54  		.byte	$20,$37,$C7,$54,$20,$59,$C7,$37,$20
000376r 1  20 59 C7 37  
00037Ar 1  20           
00037Br 1  38 34 21 31  		.byte	$38,$34,$21,$31,$38,$3B,$38,$32,$21,$2B,$52,$2C,$21,$31,$38,$3B,$38,$32,$21,$33,$38
00037Fr 1  38 3B 38 32  
000383r 1  21 2B 52 2C  
000390r 1  82 C3 37 C3  		.byte	$82,$C3,$37,$C3,$83,$C3,$37,$C3,$82
000394r 1  83 C3 37 C3  
000398r 1  82           
000399r 1  3B 32 21 2F  		.byte	$3B,$32,$21,$2F,$21,$30,$21,$31,$38,$38,$3B,$38,$38,$32,$21,$30,$21,$2F,$21,$31,$3B
00039Dr 1  21 30 21 31  
0003A1r 1  38 38 3B 38  
0003AEr 1  37 22 21 37  		.byte	$37,$22,$21,$37,$C6,$37,$C6,$37,$21,$22,$37
0003B2r 1  C6 37 C6 37  
0003B6r 1  21 22 37     
0003B9r 1  37 21 31 34  		.byte	$37,$21,$31,$34,$21,$31,$38,$38,$32,$21,$30,$21,$31,$38,$38,$32,$21,$33,$32,$21,$37
0003BDr 1  21 31 38 38  
0003C1r 1  32 21 30 21  
0003CEr 1  37 CF C4 37  		.byte	$37,$CF,$C4,$37
0003D2r 1  33 38 38 38  		.byte	$33,$38,$38,$38,$38,$38,$38,$38,$38,$38,$38,$38,$38,$38,$38,$38,$38,$38,$38,$38,$34
0003D6r 1  38 38 38 38  
0003DAr 1  38 38 38 38  
0003E7r 1  00           		.byte	$00
0003E8r 1               
0003E8r 1               MAZEDATA3:				; alternative #3
0003E8r 1  35 38 38 38  		.byte	$35,$38,$38,$38,$38,$38,$38,$38,$3B,$38,$38,$38,$3B,$38,$38,$38,$38,$38,$38,$38,$36
0003ECr 1  38 38 38 38  
0003F0r 1  3B 38 38 38  
0003FDr 1  37 C7 37 C3  		.byte	$37,$C7,$37,$C3,$37,$C7,$37
000401r 1  37 C7 37     
000404r 1  37 21 35 38  		.byte	$37,$21,$35,$38,$38,$38,$32,$21,$30,$21,$2F,$21,$30,$21,$31,$38,$38,$38,$36,$21,$37
000408r 1  38 38 32 21  
00040Cr 1  30 21 2F 21  
000419r 1  37 22 37 C7  		.byte	$37,$22,$37,$C7,$37,$C7,$37,$22,$37
00041Dr 1  37 C7 37 22  
000421r 1  37           
000422r 1  37 21 30 21  		.byte	$37,$21,$30,$21,$2F,$21,$2D,$45,$2E,$21,$37,$21,$2D,$45,$2E,$21,$2F,$21,$30,$21,$37
000426r 1  2F 21 2D 45  
00042Ar 1  2E 21 37 21  
000437r 1  37 C3 37 21  		.byte	$37,$C3,$37,$21,$2B,$52,$2C,$21,$30,$21,$2B,$52,$2C,$21,$37,$C3,$37
00043Br 1  2B 52 2C 21  
00043Fr 1  30 21 2B 52  
000448r 1  3C 38 32 21  		.byte	$3C,$38,$32,$21,$37,$CB,$37,$21,$31,$38,$3C
00044Cr 1  37 CB 37 21  
000450r 1  31 38 3C     
000453r 1  20 C3 33 32  		.byte	$20,$C3,$33,$32,$20,$31,$38,$38,$38,$38,$38,$32,$20,$31,$34,$C3,$20
000457r 1  20 31 38 38  
00045Br 1  38 38 38 32  
000464r 1  36 21 2F 8F  		.byte	$36,$21,$2F,$8F,$2F,$21,$35
000468r 1  2F 21 35     
00046Br 1  37 21 33 32  		.byte	$37,$21,$33,$32,$20,$2F,$20,$35,$38,$27,$26,$28,$38,$36,$20,$2F,$20,$31,$34,$21,$37
00046Fr 1  20 2F 20 35  
000473r 1  38 27 26 28  
000480r 1  37 21 83 37  		.byte	$37,$21,$83,$37,$20,$37,$85,$37,$20,$37,$83,$21,$37
000484r 1  20 37 85 37  
000488r 1  20 37 83 21  
00048Dr 1  37 21 2F 20  		.byte	$37,$21,$2F,$20,$31,$34,$20,$33,$38,$38,$38,$38,$38,$34,$20,$33,$32,$20,$2F,$21,$37
000491r 1  31 34 20 33  
000495r 1  38 38 38 38  
0004A2r 1  37 21 37 8F  		.byte	$37,$21,$37,$8F,$37,$21,$37
0004A6r 1  37 21 37     
0004A9r 1  37 21 33 32  		.byte	$37,$21,$33,$32,$20,$35,$38,$38,$32,$20,$2F,$20,$31,$38,$38,$36,$20,$31,$34,$21,$37
0004ADr 1  20 35 38 38  
0004B1r 1  32 20 2F 20  
0004BEr 1  37 C4 37 C4  		.byte	$37,$C4,$37,$C4,$37,$C4,$37,$C4,$37
0004C2r 1  37 C4 37 C4  
0004C6r 1  37           
0004C7r 1  39 32 21 2F  		.byte	$39,$32,$21,$2F,$21,$30,$21,$31,$38,$38,$3C,$38,$38,$32,$21,$30,$21,$2F,$21,$31,$3A
0004CBr 1  21 30 21 31  
0004CFr 1  38 38 3C 38  
0004DCr 1  37 22 21 37  		.byte	$37,$22,$21,$37,$C6,$20,$C6,$37,$21,$22,$37
0004E0r 1  C6 20 C6 37  
0004E4r 1  21 22 37     
0004E7r 1  37 21 31 34  		.byte	$37,$21,$31,$34,$21,$35,$38,$38,$32,$21,$2F,$21,$31,$38,$38,$36,$21,$33,$32,$21,$37
0004EBr 1  21 35 38 38  
0004EFr 1  32 21 2F 21  
0004FCr 1  37 C4 37 C4  		.byte	$37,$C4,$37,$C4,$37,$C4,$37,$C4,$37
000500r 1  37 C4 37 C4  
000504r 1  37           
000505r 1  37 21 31 32  		.byte	$37,$21,$31,$32,$21,$37,$21,$31,$38,$38,$3C,$38,$38,$32,$21,$37,$21,$31,$32,$21,$37
000509r 1  21 37 21 31  
00050Dr 1  38 38 3C 38  
00051Ar 1  37 C4 37 C9  		.byte	$37,$C4,$37,$C9,$37,$C4,$37
00051Er 1  37 C4 37     
000521r 1  33 38 38 38  		.byte	$33,$38,$38,$38,$38,$3C,$38,$38,$38,$38,$38,$38,$38,$38,$38,$3C,$38,$38,$38,$38,$34
000525r 1  38 3C 38 38  
000529r 1  38 38 38 38  
000536r 1  00           		.byte	$00
000537r 1               
000537r 1               MAZEDATA4:				; alternative #4
000537r 1  35 38 38 38  		.byte	$35,$38,$38,$38,$38,$38,$38,$38,$38,$38,$38,$38,$38,$38,$38,$38,$38,$38,$38,$38,$36
00053Br 1  38 38 38 38  
00053Fr 1  38 38 38 38  
00054Cr 1  37 CF C4 37  		.byte	$37,$CF,$C4,$37
000550r 1  37 21 2F 21  		.byte	$37,$21,$2F,$21,$2D,$2E,$21,$35,$38,$38,$38,$38,$38,$36,$21,$2D,$2E,$21,$2F,$21,$37
000554r 1  2D 2E 21 35  
000558r 1  38 38 38 38  
000565r 1  37 22 37 21  		.byte	$37,$22,$37,$21,$2B,$2C,$21,$37,$C5,$37,$21,$2B,$2C,$21,$37,$22,$37
000569r 1  2B 2C 21 37  
00056Dr 1  C5 37 21 2B  
000576r 1  37 21 37 C4  		.byte	$37,$21,$37,$C4,$37,$21,$2D,$45,$2E,$21,$37,$C4,$37,$21,$37
00057Ar 1  37 21 2D 45  
00057Er 1  2E 21 37 C4  
000585r 1  37 21 33 32  		.byte	$37,$21,$33,$32,$21,$2F,$21,$30,$21,$54,$20,$59,$21,$30,$21,$2F,$21,$31,$34,$21,$37
000589r 1  21 2F 21 30  
00058Dr 1  21 54 20 59  
00059Ar 1  37 C4 37 C3  		.byte	$37,$C4,$37,$C3,$54,$20,$59,$C3,$37,$C4,$37
00059Er 1  54 20 59 C3  
0005A2r 1  37 C4 37     
0005A5r 1  33 36 21 31  		.byte	$33,$36,$21,$31,$38,$3D,$38,$32,$20,$2B,$52,$2C,$20,$31,$38,$3D,$38,$32,$21,$35,$34
0005A9r 1  38 3D 38 32  
0005ADr 1  20 2B 52 2C  
0005BAr 1  38 34 C3 37  		.byte	$38,$34,$C3,$37,$89,$37,$C3,$33,$38
0005BEr 1  89 37 C3 33  
0005C2r 1  38           
0005C3r 1  83 2F 21 30  		.byte	$83,$2F,$21,$30,$20,$35,$38,$27,$26,$28,$38,$36,$20,$30,$21,$2F,$83
0005C7r 1  20 35 38 27  
0005CBr 1  26 28 38 36  
0005D4r 1  38 38 38 3A  		.byte	$38,$38,$38,$3A,$21,$82,$37,$85,$37,$82,$21,$39,$38,$38,$38
0005D8r 1  21 82 37 85  
0005DCr 1  37 82 21 39  
0005E3r 1  83 30 21 2F  		.byte	$83,$30,$21,$2F,$20,$33,$38,$38,$38,$38,$38,$34,$20,$2F,$21,$30,$83
0005E7r 1  20 33 38 38  
0005EBr 1  38 38 38 34  
0005F4r 1  38 36 C3 37  		.byte	$38,$36,$C3,$37,$89,$37,$C3,$35,$38
0005F8r 1  89 37 C3 35  
0005FCr 1  38           
0005FDr 1  20 37 21 2F  		.byte	$20,$37,$21,$2F,$21,$33,$38,$32,$20,$2D,$45,$2E,$20,$31,$38,$34,$21,$2F,$21,$37,$20
000601r 1  21 33 38 32  
000605r 1  20 2D 45 2E  
000612r 1  20 37 21 37  		.byte	$20,$37,$21,$37,$C3,$82,$54,$20,$59,$82,$C3,$37,$21,$37,$20
000616r 1  C3 82 54 20  
00061Ar 1  59 82 C3 37  
000621r 1  35 34 21 33  		.byte	$35,$34,$21,$33,$38,$32,$21,$2F,$20,$2B,$52,$2C,$20,$2F,$21,$31,$38,$34,$21,$33,$36
000625r 1  38 32 21 2F  
000629r 1  20 2B 52 2C  
000636r 1  37 C6 37 85  		.byte	$37,$C6,$37,$85,$37,$C6,$37
00063Ar 1  37 C6 37     
00063Dr 1  37 21 35 32  		.byte	$37,$21,$35,$32,$21,$2F,$21,$33,$38,$38,$38,$38,$38,$34,$21,$2F,$21,$31,$36,$21,$37
000641r 1  21 2F 21 33  
000645r 1  38 38 38 38  
000652r 1  37 22 37 C2  		.byte	$37,$22,$37,$C2,$37,$C9,$37,$C2,$37,$22,$37
000656r 1  37 C9 37 C2  
00065Ar 1  37 22 37     
00065Dr 1  37 21 30 21  		.byte	$37,$21,$30,$21,$31,$3C,$38,$38,$32,$21,$2F,$21,$31,$38,$38,$3C,$32,$21,$30,$21,$37
000661r 1  31 3C 38 38  
000665r 1  32 21 2F 21  
000672r 1  37 C9 37 C9  		.byte	$37,$C9,$37,$C9,$37
000676r 1  37           
000677r 1  33 38 38 38  		.byte	$33,$38,$38,$38,$38,$38,$38,$38,$38,$38,$3C,$38,$38,$38,$38,$38,$38,$38,$38,$38,$34
00067Br 1  38 38 38 38  
00067Fr 1  38 38 3C 38  
00068Cr 1  00           		.byte	$00
00068Dr 1               
00068Dr 1               MENUDATA:
00068Dr 1               		; f1 START
00068Dr 1  EC E2 E2 FB  		.byte	$EC,$E2,$E2,$FB,$20,$20,$20,$20,$20,$20,$20
000691r 1  20 20 20 20  
000695r 1  20 20 20     
000698r 1  60 61 63 E1  		.byte	$60,$61,$63,$E1,$93,$94,$81,$92,$94,$67,$20
00069Cr 1  93 94 81 92  
0006A0r 1  94 67 20     
0006A3r 1  FC 62 62 FE  		.byte	$FC,$62,$62,$FE,$20,$20,$20,$20,$20,$20,$20
0006A7r 1  20 20 20 20  
0006ABr 1  20 20 20     
0006AEr 1               		; f3 PLAYERS
0006AEr 1  EC E2 E2 FB  		.byte	$EC,$E2,$E2,$FB,$20,$20,$20,$20,$20,$20,$20
0006B2r 1  20 20 20 20  
0006B6r 1  20 20 20     
0006B9r 1  60 61 64 E1  		.byte	$60,$61,$64,$E1,$90,$8C,$81,$99,$85,$92,$93
0006BDr 1  90 8C 81 99  
0006C1r 1  85 92 93     
0006C4r 1  FC 62 62 FE  		.byte	$FC,$62,$62,$FE,$20,$20,$20,$20,$20,$20,$20
0006C8r 1  20 20 20 20  
0006CCr 1  20 20 20     
0006CFr 1               		; f5 MAZE
0006CFr 1  EC E2 E2 FB  		.byte	$EC,$E2,$E2,$FB,$20,$20,$20,$20,$20,$20,$20
0006D3r 1  20 20 20 20  
0006D7r 1  20 20 20     
0006DAr 1  60 61 65 E1  		.byte	$60,$61,$65,$E1,$8D,$81,$9A,$85,$20,$20,$20
0006DEr 1  8D 81 9A 85  
0006E2r 1  20 20 20     
0006E5r 1  FC 62 62 FE  		.byte	$FC,$62,$62,$FE,$20,$20,$20,$20,$20,$20,$20
0006E9r 1  20 20 20 20  
0006EDr 1  20 20 20     
0006F0r 1               		; f7 LEVEL
0006F0r 1  EC E2 E2 FB  		.byte	$EC,$E2,$E2,$FB,$20,$20,$20,$20,$20,$20,$20
0006F4r 1  20 20 20 20  
0006F8r 1  20 20 20     
0006FBr 1  60 61 66 E1  		.byte	$60,$61,$66,$E1,$8C,$85,$96,$85,$8C,$20,$20
0006FFr 1  8C 85 96 85  
000703r 1  8C 20 20     
000706r 1  FC 62 62 FE  		.byte	$FC,$62,$62,$FE,$20,$20,$20,$20,$20,$20,$20
00070Ar 1  20 20 20 20  
00070Er 1  20 20 20     
000711r 1               
000711r 1               
